16:43:53: Creating resource group General
16:43:53: Creating resource group Internal
16:43:53: Creating resource group Autodetect
16:43:53: SceneManagerFactory for type 'DefaultSceneManager' registered.
16:43:53: Registering ResourceManager for type Material
16:43:53: Registering ResourceManager for type Mesh
16:43:53: Registering ResourceManager for type Skeleton
16:43:53: MovableObjectFactory for type 'ParticleSystem' registered.
16:43:53: OverlayElementFactory for type Panel registered.
16:43:53: OverlayElementFactory for type BorderPanel registered.
16:43:53: OverlayElementFactory for type TextArea registered.
16:43:53: Registering ResourceManager for type Font
16:43:53: ArchiveFactory for archive type FileSystem registered.
16:43:53: ArchiveFactory for archive type Zip registered.
16:43:53: ArchiveFactory for archive type EmbeddedZip registered.
16:43:53: DDS codec registering
16:43:53: FreeImage version: 3.15.4
16:43:53: This program uses FreeImage, a free, open source image library supporting all common bitmap formats. See http://freeimage.sourceforge.net for details
16:43:53: Supported formats: bmp,ico,jpg,jif,jpeg,jpe,jng,koa,iff,lbm,mng,pbm,pbm,pcd,pcx,pgm,pgm,png,ppm,ppm,ras,tga,targa,tif,tiff,wap,wbmp,wbm,psd,cut,xbm,xpm,gif,hdr,g3,sgi,exr,j2k,j2c,jp2,pfm,pct,pict,pic,3fr,arw,bay,bmq,cap,cine,cr2,crw,cs1,dc2,dcr,drf,dsc,dng,erf,fff,ia,iiq,k25,kc2,kdc,mdc,mef,mos,mrw,nef,nrw,orf,pef,ptx,pxn,qtk,raf,raw,rdc,rw2,rwl,rwz,sr2,srf,srw,sti
16:43:53: Registering ResourceManager for type HighLevelGpuProgram
16:43:53: Registering ResourceManager for type Compositor
16:43:53: MovableObjectFactory for type 'Entity' registered.
16:43:53: MovableObjectFactory for type 'Light' registered.
16:43:53: MovableObjectFactory for type 'BillboardSet' registered.
16:43:53: MovableObjectFactory for type 'ManualObject' registered.
16:43:53: MovableObjectFactory for type 'BillboardChain' registered.
16:43:53: MovableObjectFactory for type 'RibbonTrail' registered.
16:43:53: *-*-* OGRE Initialising
16:43:53: *-*-* Version 1.8.1 (Byatis)
16:43:53: Loading library /usr/lib/x86_64-linux-gnu/OGRE-1.8.0/RenderSystem_GL
16:43:54: Installing plugin: GL RenderSystem
16:43:54: OpenGL Rendering Subsystem created.
16:43:54: Plugin successfully installed
16:43:54: Loading library /usr/lib/x86_64-linux-gnu/OGRE-1.8.0/Plugin_OctreeSceneManager
16:43:54: Installing plugin: Octree Scene Manager
16:43:54: Plugin successfully installed
16:43:54: Loading library /usr/lib/x86_64-linux-gnu/OGRE-1.8.0/Plugin_ParticleFX
16:43:54: Installing plugin: ParticleFX
16:43:54: Particle Emitter Type 'Point' registered
16:43:54: Particle Emitter Type 'Box' registered
16:43:54: Particle Emitter Type 'Ellipsoid' registered
16:43:54: Particle Emitter Type 'Cylinder' registered
16:43:54: Particle Emitter Type 'Ring' registered
16:43:54: Particle Emitter Type 'HollowEllipsoid' registered
16:43:54: Particle Affector Type 'LinearForce' registered
16:43:54: Particle Affector Type 'ColourFader' registered
16:43:54: Particle Affector Type 'ColourFader2' registered
16:43:54: Particle Affector Type 'ColourImage' registered
16:43:54: Particle Affector Type 'ColourInterpolator' registered
16:43:54: Particle Affector Type 'Scaler' registered
16:43:54: Particle Affector Type 'Rotator' registered
16:43:54: Particle Affector Type 'DirectionRandomiser' registered
16:43:54: Particle Affector Type 'DeflectorPlane' registered
16:43:54: Plugin successfully installed
16:43:54: CPU Identifier & Features
16:43:54: -------------------------
16:43:54:  *   CPU ID: GenuineIntel: Intel(R) Core(TM) i7-5500U CPU @ 2.40GHz
16:43:54:  *      SSE: yes
16:43:54:  *     SSE2: yes
16:43:54:  *     SSE3: yes
16:43:54:  *      MMX: yes
16:43:54:  *   MMXEXT: yes
16:43:54:  *    3DNOW: no
16:43:54:  * 3DNOWEXT: no
16:43:54:  *     CMOV: yes
16:43:54:  *      TSC: yes
16:43:54:  *      FPU: yes
16:43:54:  *      PRO: yes
16:43:54:  *       HT: no
16:43:54: -------------------------
16:43:54: ******************************
*** Starting GLX Subsystem ***
******************************
16:43:54: Registering ResourceManager for type Texture
16:43:54: GLRenderSystem::_createRenderWindow "OgreWindow(0)", 1x1 windowed  miscParams: externalGLControl= macAPI=carbon parentWindowHandle=81788929 
16:43:54: GLXWindow::create used FBConfigID = 163
16:43:54: GL_VERSION = 2.1 Mesa 10.1.3
16:43:54: GL_VENDOR = VMware, Inc.
16:43:54: GL_RENDERER = Gallium 0.4 on SVGA3D; build: RELEASE;  
16:43:54: GL_EXTENSIONS = GL_ARB_multisample GL_EXT_abgr GL_EXT_bgra GL_EXT_blend_color GL_EXT_blend_minmax GL_EXT_blend_subtract GL_EXT_copy_texture GL_EXT_polygon_offset GL_EXT_subtexture GL_EXT_texture_object GL_EXT_vertex_array GL_EXT_compiled_vertex_array GL_EXT_texture GL_EXT_texture3D GL_IBM_rasterpos_clip GL_ARB_point_parameters GL_EXT_draw_range_elements GL_EXT_packed_pixels GL_EXT_point_parameters GL_EXT_rescale_normal GL_EXT_separate_specular_color GL_EXT_texture_edge_clamp GL_SGIS_generate_mipmap GL_SGIS_texture_border_clamp GL_SGIS_texture_edge_clamp GL_SGIS_texture_lod GL_ARB_framebuffer_sRGB GL_ARB_multitexture GL_EXT_framebuffer_sRGB GL_IBM_multimode_draw_arrays GL_IBM_texture_mirrored_repeat GL_ARB_texture_cube_map GL_ARB_texture_env_add GL_ARB_transpose_matrix GL_EXT_blend_func_separate GL_EXT_fog_coord GL_EXT_multi_draw_arrays GL_EXT_secondary_color GL_EXT_texture_env_add GL_EXT_texture_filter_anisotropic GL_EXT_texture_lod_bias GL_INGR_blend_func_separate GL_NV_blend_square GL_NV_light_max_exponent GL_NV_texgen_reflection GL_NV_texture_env_combine4 GL_S3_s3tc GL_SUN_multi_draw_arrays GL_ARB_texture_border_clamp GL_ARB_texture_compression GL_EXT_framebuffer_object GL_EXT_texture_compression_s3tc GL_EXT_texture_env_combine GL_EXT_texture_env_dot3 GL_MESA_window_pos GL_NV_packed_depth_stencil GL_NV_texture_rectangle GL_ARB_depth_texture GL_ARB_occlusion_query GL_ARB_shadow GL_ARB_texture_env_combine GL_ARB_texture_env_crossbar GL_ARB_texture_env_dot3 GL_ARB_texture_mirrored_repeat GL_ARB_window_pos GL_EXT_stencil_two_side GL_EXT_texture_cube_map GL_NV_fog_distance GL_APPLE_packed_pixels GL_APPLE_vertex_array_object GL_ARB_draw_buffers GL_ARB_fragment_program GL_ARB_fragment_shader GL_ARB_shader_objects GL_ARB_vertex_program GL_ARB_vertex_shader GL_ATI_draw_buffers GL_ATI_texture_env_combine3 GL_ATI_texture_float GL_EXT_shadow_funcs GL_EXT_stencil_wrap GL_MESA_pack_invert GL_NV_primitive_restart GL_ARB_fragment_program_shadow GL_ARB_half_float_pixel GL_ARB_occlusion_query2 GL_ARB_point_sprite GL_ARB_shading_language_100 GL_ARB_sync GL_ARB_texture_non_power_of_two GL_ARB_vertex_buffer_object GL_ATI_blend_equation_separate GL_EXT_blend_equation_separate GL_OES_read_format GL_ARB_color_buffer_float GL_ARB_pixel_buffer_object GL_ARB_texture_float GL_ARB_texture_rectangle GL_EXT_pixel_buffer_object GL_EXT_texture_compression_dxt1 GL_EXT_texture_rectangle GL_EXT_texture_sRGB GL_ARB_framebuffer_object GL_EXT_framebuffer_blit GL_EXT_packed_depth_stencil GL_ARB_vertex_array_object GL_ATI_separate_stencil GL_EXT_gpu_program_parameters GL_EXT_texture_sRGB_decode GL_OES_EGL_image GL_ARB_copy_buffer GL_ARB_half_float_vertex GL_ARB_map_buffer_range GL_ARB_texture_swizzle GL_ARB_vertex_array_bgra GL_EXT_texture_swizzle GL_EXT_vertex_array_bgra GL_ARB_ES2_compatibility GL_ARB_debug_output GL_ARB_draw_elements_base_vertex GL_ARB_explicit_attrib_location GL_ARB_fragment_coord_conventions GL_ARB_provoking_vertex GL_ARB_sampler_objects GL_ARB_shader_texture_lod GL_EXT_provoking_vertex GL_ARB_get_program_binary GL_ARB_robustness GL_NV_vdpau_interop GL_ANGLE_texture_compression_dxt3 GL_ANGLE_texture_compression_dxt5 GL_ARB_internalformat_query GL_ARB_map_buffer_alignment GL_ARB_texture_storage GL_AMD_shader_trinary_minmax GL_ARB_clear_buffer_object GL_ARB_invalidate_subdata GL_ARB_vertex_attrib_binding GL_KHR_debug 
16:43:54: Supported GLX extensions: GLX_ARB_create_context GLX_ARB_create_context_profile GLX_ARB_fbconfig_float GLX_ARB_framebuffer_sRGB GLX_ARB_get_proc_address GLX_ARB_multisample GLX_EXT_import_context GLX_EXT_visual_info GLX_EXT_visual_rating GLX_EXT_framebuffer_sRGB GLX_EXT_create_context_es2_profile GLX_MESA_copy_sub_buffer GLX_MESA_multithread_makecurrent GLX_MESA_swap_control GLX_OML_swap_method GLX_SGI_make_current_read GLX_SGI_video_sync GLX_SGIS_multisample GLX_SGIX_fbconfig GLX_SGIX_pbuffer GLX_SGIX_visual_select_group GLX_EXT_texture_from_pixmap 
16:43:54: ***************************
16:43:54: *** GL Renderer Started ***
16:43:54: ***************************
16:43:54: Registering ResourceManager for type GpuProgram
16:43:54: GLSL support detected
16:43:54: GL: Using GL_EXT_framebuffer_object for rendering to textures (best)
16:43:54: FBO PF_UNKNOWN depth/stencil support: D0S1 D0S4 D0S8 D0S16 D16S0 D24S0 D32S0 Packed-D24S8 
16:43:54: FBO PF_A4L4 depth/stencil support: D0S0 D0S1 D0S4 D0S8 D0S16 D16S0 D24S0 D32S0 Packed-D24S8 
16:43:54: FBO PF_BYTE_LA depth/stencil support: D0S0 D0S1 D0S4 D0S8 D0S16 D16S0 D24S0 D32S0 Packed-D24S8 
16:43:54: FBO PF_R5G6B5 depth/stencil support: D0S0 D0S1 D0S4 D0S8 D0S16 D16S0 D24S0 D32S0 Packed-D24S8 
16:43:54: FBO PF_B5G6R5 depth/stencil support: D0S0 D0S1 D0S4 D0S8 D0S16 D16S0 D24S0 D32S0 Packed-D24S8 
16:43:54: FBO PF_A4R4G4B4 depth/stencil support: D0S0 D0S1 D0S4 D0S8 D0S16 D16S0 D24S0 D32S0 Packed-D24S8 
16:43:54: FBO PF_A1R5G5B5 depth/stencil support: D0S0 D0S1 D0S4 D0S8 D0S16 D16S0 D24S0 D32S0 Packed-D24S8 
16:43:54: FBO PF_R8G8B8 depth/stencil support: D0S0 D0S1 D0S4 D0S8 D0S16 D16S0 D24S0 D32S0 Packed-D24S8 
16:43:54: FBO PF_B8G8R8 depth/stencil support: D0S0 D0S1 D0S4 D0S8 D0S16 D16S0 D24S0 D32S0 Packed-D24S8 
16:43:54: FBO PF_A8R8G8B8 depth/stencil support: D0S0 D0S1 D0S4 D0S8 D0S16 D16S0 D24S0 D32S0 Packed-D24S8 
16:43:54: FBO PF_B8G8R8A8 depth/stencil support: D0S0 D0S1 D0S4 D0S8 D0S16 D16S0 D24S0 D32S0 Packed-D24S8 
16:43:54: FBO PF_A2R10G10B10 depth/stencil support: D0S0 D0S1 D0S4 D0S8 D0S16 D16S0 D24S0 D32S0 Packed-D24S8 
16:43:54: FBO PF_A2B10G10R10 depth/stencil support: D0S0 D0S1 D0S4 D0S8 D0S16 D16S0 D24S0 D32S0 Packed-D24S8 
16:43:54: FBO PF_FLOAT16_RGB depth/stencil support: D0S0 D0S1 D0S4 D0S8 D0S16 D16S0 D24S0 D32S0 Packed-D24S8 
16:43:54: FBO PF_FLOAT16_RGBA depth/stencil support: D0S0 D0S1 D0S4 D0S8 D0S16 D16S0 D24S0 D32S0 Packed-D24S8 
16:43:54: FBO PF_FLOAT32_RGB depth/stencil support: D0S0 D0S1 D0S4 D0S8 D0S16 D16S0 D24S0 D32S0 Packed-D24S8 
16:43:54: FBO PF_FLOAT32_RGBA depth/stencil support: D0S0 D0S1 D0S4 D0S8 D0S16 D16S0 D24S0 D32S0 Packed-D24S8 
16:43:54: FBO PF_X8R8G8B8 depth/stencil support: D0S0 D0S1 D0S4 D0S8 D0S16 D16S0 D24S0 D32S0 Packed-D24S8 
16:43:54: FBO PF_X8B8G8R8 depth/stencil support: D0S0 D0S1 D0S4 D0S8 D0S16 D16S0 D24S0 D32S0 Packed-D24S8 
16:43:54: FBO PF_SHORT_RGBA depth/stencil support: D0S0 D0S1 D0S4 D0S8 D0S16 D16S0 D24S0 D32S0 Packed-D24S8 
16:43:54: FBO PF_R3G3B2 depth/stencil support: D0S0 D0S1 D0S4 D0S8 D0S16 D16S0 D24S0 D32S0 Packed-D24S8 
16:43:54: FBO PF_FLOAT16_R depth/stencil support: D0S0 D0S1 D0S4 D0S8 D0S16 D16S0 D24S0 D32S0 Packed-D24S8 
16:43:54: FBO PF_FLOAT32_R depth/stencil support: D0S0 D0S1 D0S4 D0S8 D0S16 D16S0 D24S0 D32S0 Packed-D24S8 
16:43:54: FBO PF_SHORT_GR depth/stencil support: D0S0 D0S1 D0S4 D0S8 D0S16 D16S0 D24S0 D32S0 Packed-D24S8 
16:43:54: FBO PF_FLOAT16_GR depth/stencil support: D0S0 D0S1 D0S4 D0S8 D0S16 D16S0 D24S0 D32S0 Packed-D24S8 
16:43:54: FBO PF_FLOAT32_GR depth/stencil support: D0S0 D0S1 D0S4 D0S8 D0S16 D16S0 D24S0 D32S0 Packed-D24S8 
16:43:54: FBO PF_SHORT_RGB depth/stencil support: D0S0 D0S1 D0S4 D0S8 D0S16 D16S0 D24S0 D32S0 Packed-D24S8 
16:43:54: [GL] : Valid FBO targets PF_UNKNOWN PF_A4L4 PF_BYTE_LA PF_R5G6B5 PF_B5G6R5 PF_A4R4G4B4 PF_A1R5G5B5 PF_R8G8B8 PF_B8G8R8 PF_A8R8G8B8 PF_B8G8R8A8 PF_A2R10G10B10 PF_A2B10G10R10 PF_FLOAT16_RGB PF_FLOAT16_RGBA PF_FLOAT32_RGB PF_FLOAT32_RGBA PF_X8R8G8B8 PF_X8B8G8R8 PF_SHORT_RGBA PF_R3G3B2 PF_FLOAT16_R PF_FLOAT32_R PF_SHORT_GR PF_FLOAT16_GR PF_FLOAT32_GR PF_SHORT_RGB 
16:43:54: RenderSystem capabilities
16:43:54: -------------------------
16:43:54: RenderSystem Name: OpenGL Rendering Subsystem
16:43:54: GPU Vendor: unknown
16:43:54: Device Name: Gallium 0.4 on SVGA3D; build: RELEASE;  
16:43:54: Driver Version: 2.1.0.0
16:43:54:  * Fixed function pipeline: yes
16:43:54:  * Hardware generation of mipmaps: yes
16:43:54:  * Texture blending: yes
16:43:54:  * Anisotropic texture filtering: yes
16:43:54:  * Dot product texture operation: yes
16:43:54:  * Cube mapping: yes
16:43:54:  * Hardware stencil buffer: yes
16:43:54:    - Stencil depth: 8
16:43:54:    - Two sided stencil support: yes
16:43:54:    - Wrap stencil values: yes
16:43:54:  * Hardware vertex / index buffers: yes
16:43:54:  * Vertex programs: yes
16:43:54:  * Number of floating-point constants for vertex programs: 256
16:43:54:  * Number of integer constants for vertex programs: 0
16:43:54:  * Number of boolean constants for vertex programs: 0
16:43:54:  * Fragment programs: yes
16:43:54:  * Number of floating-point constants for fragment programs: 224
16:43:54:  * Number of integer constants for fragment programs: 0
16:43:54:  * Number of boolean constants for fragment programs: 0
16:43:54:  * Geometry programs: no
16:43:54:  * Number of floating-point constants for geometry programs: 0
16:43:54:  * Number of integer constants for geometry programs: 0
16:43:54:  * Number of boolean constants for geometry programs: 0
16:43:54:  * Supported Shader Profiles: arbfp1 arbvp1 glsl
16:43:54:  * Texture Compression: yes
16:43:54:    - DXT: yes
16:43:54:    - VTC: no
16:43:54:    - PVRTC: no
16:43:54:  * Scissor Rectangle: yes
16:43:54:  * Hardware Occlusion Query: yes
16:43:54:  * User clip planes: yes
16:43:54:  * VET_UBYTE4 vertex element type: yes
16:43:54:  * Infinite far plane projection: yes
16:43:54:  * Hardware render-to-texture: yes
16:43:54:  * Floating point textures: yes
16:43:54:  * Non-power-of-two textures: yes
16:43:54:  * Volume textures: yes
16:43:54:  * Multiple Render Targets: 4
16:43:54:    - With different bit depths: yes
16:43:54:  * Point Sprites: yes
16:43:54:  * Extended point parameters: yes
16:43:54:  * Max Point Size: 1
16:43:54:  * Vertex texture fetch: no
16:43:54:  * Number of world matrices: 0
16:43:54:  * Number of texture units: 16
16:43:54:  * Stencil buffer depth: 8
16:43:54:  * Number of vertex blend matrices: 0
16:43:54:  * Render to Vertex Buffer : no
16:43:54:  * GL 1.5 without VBO workaround: no
16:43:54:  * Frame Buffer objects: yes
16:43:54:  * Frame Buffer objects (ARB extension): no
16:43:54:  * Frame Buffer objects (ATI extension): no
16:43:54:  * PBuffer support: yes
16:43:54:  * GL 1.5 without HW-occlusion workaround: no
16:43:54:  * Separate shader objects: no
16:43:54: DefaultWorkQueue('Root') initialising on thread 7f7cbe4b8740.
16:43:54: DefaultWorkQueue('Root')::WorkerFunc - thread 7f7c58451700 starting.
16:43:54: DefaultWorkQueue('Root')::WorkerFunc - thread 7f7c57c50700 starting.
16:43:54: Particle Renderer Type 'billboard' registered
16:43:54: SceneManagerFactory for type 'OctreeSceneManager' registered.
16:43:54: Creating resource group rviz
16:43:54: Added resource location '/opt/ros/indigo/share/rviz/ogre_media' of type 'FileSystem' to resource group 'rviz'
16:43:54: Added resource location '/opt/ros/indigo/share/rviz/ogre_media/textures' of type 'FileSystem' to resource group 'rviz'
16:43:54: Added resource location '/opt/ros/indigo/share/rviz/ogre_media/fonts' of type 'FileSystem' to resource group 'rviz'
16:43:54: Added resource location '/opt/ros/indigo/share/rviz/ogre_media/models' of type 'FileSystem' to resource group 'rviz'
16:43:54: Added resource location '/opt/ros/indigo/share/rviz/ogre_media/materials' of type 'FileSystem' to resource group 'rviz'
16:43:54: Added resource location '/opt/ros/indigo/share/rviz/ogre_media/materials/scripts' of type 'FileSystem' to resource group 'rviz'
16:43:54: Added resource location '/opt/ros/indigo/share/rviz/ogre_media/materials/glsl120' of type 'FileSystem' to resource group 'rviz'
16:43:54: Added resource location '/opt/ros/indigo/share/rviz/ogre_media/materials/glsl120/nogp' of type 'FileSystem' to resource group 'rviz'
16:43:54: Added resource location '/opt/ros/indigo/share/rviz/ogre_media/materials/scripts120' of type 'FileSystem' to resource group 'rviz'
16:43:54: Parsing scripts for resource group Autodetect
16:43:54: Finished parsing scripts for resource group Autodetect
16:43:54: Creating resources for group Autodetect
16:43:54: All done
16:43:54: Parsing scripts for resource group General
16:43:54: Finished parsing scripts for resource group General
16:43:54: Creating resources for group General
16:43:54: All done
16:43:54: Parsing scripts for resource group Internal
16:43:54: Finished parsing scripts for resource group Internal
16:43:54: Creating resources for group Internal
16:43:54: All done
16:43:54: Parsing scripts for resource group rviz
16:43:54: Parsing script glsl120.program
16:43:54: Parsing script nogp.program
16:43:54: Parsing script point_cloud_tile.material
16:43:54: Parsing script point_cloud_point.material
16:43:54: Parsing script default_pick_and_depth.material
16:43:54: Parsing script indexed_8bit_image.material
16:43:54: Parsing script point_cloud_sphere.material
16:43:54: Parsing script point_cloud_square.material
16:43:54: Parsing script point_cloud_flat_square.material
16:43:54: Parsing script point_cloud_box.material
16:43:54: Parsing script arial.fontdef
16:43:54: Finished parsing scripts for resource group rviz
16:43:54: Creating resources for group rviz
16:43:54: All done
16:43:54: GLRenderSystem::_createRenderWindow "OgreWindow(1)", 100x30 windowed  miscParams: externalGLControl= macAPI=carbon parentWindowHandle=77594790 
16:43:54: GLXWindow::create used FBConfigID = 163
16:43:54: Mesh: Loading rviz_sphere.mesh.
16:43:55: Texture: SelectionRect0Texture: Loading 1 faces(PF_R8G8B8A8,1x1x1) Internal format is PF_A8R8G8B8,1x1x1.
16:43:55: Mesh: Loading rviz_cylinder.mesh.
16:43:55: Mesh: Loading rviz_cone.mesh.
16:43:56: GLSL compiled: 
16:43:56:  Fragment Program:rviz/glsl120/black.frag GLSL link result : 
